     {{site.name}} Site Information Form (site log)
     International GNSS Service
     See Instructions at:
       https://files.igs.org/pub/station/general/sitelog_instr_v2.0.txt

0.   Form

     Prepared by (full name)  : {{ form.prepared_by }}
     Date Prepared            : {% if form %}{{ form.date_prepared|simple_utc }}{% else %}(CCYY-MM-DD){% endif %}
     Report Type              : {% if form %}{{ form.report_type }}{% else %}(NEW/UPDATE){% endif %}
     If Update:
      Previous Site Log       : {% if form %}{{ form.previous_log_9char }}{% else %}(ssss_ccyymmdd.log){% endif %}
      Modified/Added Sections : {% if form %}{{ form.modified_section|multi_line}}{% else %}(n.n,n.n,...){% endif %}


1.   Site Identification of the GNSS Monument

     Site Name                : {{ identification.site_name }}
     Nine Character ID        : {% if identification %}{{ site.name}}{% else %}(A9){% endif %}
     Monument Inscription     : {{ identification.monument_inscription }}
     IERS DOMES Number        : {% if identification %}{{ identification.iers_domes_number }}{% else %}(A9){% endif %}
     CDP Number               : {% if identification %}{{ identification.cdp_number }}{% else %}(A4){% endif %}
     Monument Description     : {% if identification %}{{ identification.monument_description }}{% else %}(PILLAR/BRASS PLATE/STEEL MAST/etc){% endif %}
       Height of the Monument : {% if identification %}{{ identification.monument_height|none2empty(" m") }}{% else %}(m){% endif %}
       Monument Foundation    : {% if identification %}{{ identification.monument_foundation }}{% else %}(STEEL RODS, CONCRETE BLOCK, ROOF, etc){% endif %}
       Foundation Depth       : {% if identification %}{{ identification.foundation_depth|none2empty(" m") }}{% else %}(m){% endif %}
     Marker Description       : {% if identification %}{{ identification.marker_description }}{% else %}(CHISELLED CROSS/DIVOT/BRASS NAIL/etc){% endif %}
     Date Installed           : {% if identification %}{{ identification.date_installed|iso_utc }}{% else %}(CCYY-MM-DDThh:mmZ){% endif %}
     Geologic Characteristic  : {% if identification %}{{ identification.geologic_characteristic }}{% else %}(BEDROCK/CLAY/CONGLOMERATE/GRAVEL/SAND/etc){% endif %}
       Bedrock Type           : {% if identification %}{{ identification.bedrock_type }}{% else %}(IGNEOUS/METAMORPHIC/SEDIMENTARY){% endif %}
       Bedrock Condition      : {% if identification %}{{ identification.bedrock_condition }}{% else %}(FRESH/JOINTED/WEATHERED){% endif %}
       Fracture Spacing       : {% if identification %}{{ identification.fracture_spacing|enum_str|lower }}{% else %}(1-10 cm/11-50 cm/51-200 cm/over 200 cm){% endif %}
       Fault zones nearby     : {% if identification %}{{ identification.fault_zones }}{% else %}(YES/NO/Name of the zone){% endif %}
         Distance/activity    : {% if identification %}{{ identification.distance|multi_line }}{% else %}(multiple lines){% endif %}
     Additional Information   : {% if identification %}{{ identification.additional_information|multi_line }}{% else %}(multiple lines){% endif %}


2.   Site Location Information

     City or Town             : {% if location %}{{ location.city }}{% endif %}
     State or Province        : {% if location %}{{ location.state }}{% endif %}
     Country or Region        : {% if location %}{{ location.country.alpha3 }}{% endif %}
     Tectonic Plate           : {% if location %}{{ location.tectonic|enum_str|upper }}{% endif %}
     Approximate Position (ITRF)
       X coordinate (m)       : {% if location %}{{ location.xyz.0|precision_full(4) }}{% endif %}
       Y coordinate (m)       : {% if location %}{{ location.xyz.1|precision_full(4) }}{% endif %}
       Z coordinate (m)       : {% if location %}{{ location.xyz.2|precision_full(4) }}{% endif %}
       Latitude (N is +)      : {% if location %}{{ location.llh.0|iso6709(6) }}{% else %}(+/-DDMMSS.SS){% endif %}
       Longitude (E is +)     : {% if location %}{{ location.llh.1|iso6709(7) }}{% else %}(+/-DDDMMSS.SS){% endif %}
       Elevation (m)          : {% if location %}{{ location.llh.2|precision_full(1) }}{% else %}(F7.1){% endif %}
     Additional Information   : {% if location %}{{ location.additional_information|multi_line }}{% else %}(multiple lines){% endif %}


3.   GNSS Receiver Information
{% for rcvr in receiver %}
3.{{ loop.index|rpad_space(3) }}Receiver Type            : {{ rcvr.receiver_type.model }}
     Satellite System         : {{ rcvr.satellite_system|satellite_str }}
     Serial Number            : {{ rcvr.serial_number }}
     Firmware Version         : {{ rcvr.firmware }}
     Elevation Cutoff Setting : {% if rcvr.elevation_cutoff is not none %}{{ rcvr.elevation_cutoff|precision(1) }} deg{% endif %}
     Date Installed           : {% if rcvr.installed %}{{ rcvr.installed|iso_utc }}{% else %}(CCYY-MM-DDThh:mmZ){% endif %}
     Date Removed             : {% if rcvr.removed %}{{ rcvr.removed|iso_utc }}{% else %}(CCYY-MM-DDThh:mmZ){% endif %}
     Temperature Stabiliz.    : {% if rcvr.temp_stabilized == False %}none{% else %}{{ rcvr.temp_nominal|format_temp_stab(rcvr.temp_deviation) }}{% endif %}
     Additional Information   : {{ rcvr.additional_info|multi_line }}
{% endfor %}
{% if not receiver or include_templates %}3.x  Receiver Type            : (A20, from rcvr_ant.tab; see instructions)
     Satellite System         : (GPS+GLO+GAL+BDS+QZSS+SBAS)
     Serial Number            : (A20, but note the first A5 is used in SINEX)
     Firmware Version         : (A11)
     Elevation Cutoff Setting : (deg)
     Date Installed           : (CCYY-MM-DDThh:mmZ)
     Date Removed             : (CCYY-MM-DDThh:mmZ)
     Temperature Stabiliz.    : (none or tolerance in degrees C)
     Additional Information   : (multiple lines){% endif %}


4.   GNSS Antenna Information
{% for ant in antenna %}
4.{{ loop.index|rpad_space(3) }}Antenna Type             : {{ ant|antenna_radome }}
     Serial Number            : {{ ant.serial_number }}
     Antenna Reference Point  : {{ ant.reference_point.name }}
     Marker->ARP Up Ecc. (m)  : {{ ant.marker_une.0|precision_full(4) }}
     Marker->ARP North Ecc(m) : {{ ant.marker_une.1|precision_full(4) }}
     Marker->ARP East Ecc(m)  : {{ ant.marker_une.2|precision_full(4) }}
     Alignment from True N    : {% if ant.alignment is not none %}{{ ant.alignment|precision(1)|pos }} deg{% endif %}
     Antenna Radome Type      : {{ ant.radome_type.model }}
     Radome Serial Number     : {{ ant.radome_serial_number }}
     Antenna Cable Type       : {{ ant.cable_type }}
     Antenna Cable Length     : {% if ant.cable_length is not none %}{{ ant.cable_length|precision(4) }} m{% endif %}
     Date Installed           : {% if ant.installed %}{{ ant.installed|iso_utc }}{% else %}(CCYY-MM-DDThh:mmZ){% endif %}
     Date Removed             : {% if ant.removed %}{{ ant.removed|iso_utc }}{% else %}(CCYY-MM-DDThh:mmZ){% endif %}
     Additional Information   : {{ ant.additional_information|multi_line }}
{% endfor %}
{% if not antenna or include_templates %}4.x  Antenna Type             : (A20, from rcvr_ant.tab; see instructions)
     Serial Number            : (A*, but note the first A5 is used in SINEX)
     Antenna Reference Point  : (BPA/BCR/XXX from "antenna.gra"; see instr.)
     Marker->ARP Up Ecc. (m)  : (F8.4)
     Marker->ARP North Ecc(m) : (F8.4)
     Marker->ARP East Ecc(m)  : (F8.4)
     Alignment from True N    : (deg; + is clockwise/east)
     Antenna Radome Type      : (A4 from rcvr_ant.tab; see instructions)
     Radome Serial Number     :
     Antenna Cable Type       : (vendor & type number)
     Antenna Cable Length     : (m)
     Date Installed           : (CCYY-MM-DDThh:mmZ)
     Date Removed             : (CCYY-MM-DDThh:mmZ)
     Additional Information   : (multiple lines){% endif %}


5.   Surveyed Local Ties
{% for tie in surveyedlocalties %}
5.{{ loop.index|rpad_space(3) }}Tied Marker Name         : {{ tie.name }}
     Tied Marker Usage        : {{ tie.usage }}
     Tied Marker CDP Number   : {{ tie.cdp_number }}
     Tied Marker DOMES Number : {{ tie.domes_number }}
     Differential Components from GNSS Marker to the tied monument (ITRS)
       dx (m)                 : {% if tie.diff_xyz is not none %}{{ tie.diff_xyz.0|precision_full(3) }}{% endif %}
       dy (m)                 : {% if tie.diff_xyz is not none %}{{ tie.diff_xyz.1|precision_full(3) }}{% endif %}
       dz (m)                 : {% if tie.diff_xyz is not none %}{{ tie.diff_xyz.2|precision_full(3) }}{% endif %}
     Accuracy (mm)            : {% if tie.accuracy is not none %}{{ tie.accuracy|precision(0) }}{% endif %}
     Survey method            : {{ tie.survey_method }}
     Date Measured            : {% if tie.measured %}{{ tie.measured|iso_utc }}{% else %}(CCYY-MM-DDThh:mmZ){% endif %}
     Additional Information   : {{ tie.additional_information|multi_line }}
{% endfor %}
{% if not surveyedlocalties or include_templates %}5.x  Tied Marker Name         :
     Tied Marker Usage        : (SLR/VLBI/LOCAL CONTROL/FOOTPRINT/etc)
     Tied Marker CDP Number   : (A4)
     Tied Marker DOMES Number : (A9)
     Differential Components from GNSS Marker to the tied monument (ITRS)
       dx (m)                 : (m)
       dy (m)                 : (m)
       dz (m)                 : (m)
     Accuracy (mm)            : (mm)
     Survey method            : (GPS CAMPAIGN/TRILATERATION/TRIANGULATION/etc)
     Date Measured            : (CCYY-MM-DDThh:mmZ)
     Additional Information   : (multiple lines){% endif %}


6.   Frequency Standard
{% for standard in frequencystandard %}
6.{{ loop.index|rpad_space(3) }}Standard Type            : {{ standard.standard_type|enum_str|upper }}
       Input Frequency        : {% if standard.input_frequency is not none %}{{ standard.input_frequency }} MHz{% endif %}
       Effective Dates        : {% if standard.effective_start %}{{standard.effective_start|simple_utc}}{% else %}CCYY-MM-DD{% endif %}/{% if standard.effective_end %}{{standard.effective_end|simple_utc}}{% else %}CCYY-MM-DD{% endif %}
       Notes                  : {{ standard.notes|multi_line }}
{% endfor %}
{% if not frequencystandard or include_templates %}6.x  Standard Type            : (INTERNAL or EXTERNAL H-MASER/CESIUM/etc)
       Input Frequency        : (if external)
       Effective Dates        : (CCYY-MM-DD/CCYY-MM-DD)
       Notes                  : (multiple lines){% endif %}


7.   Collocation Information
{% for colloc in collocation %}
7.{{ loop.index|rpad_space(3) }}Instrumentation Type     : {{ colloc.instrument_type}}
       Status                 : {{ colloc.status|enum_str|upper }}
       Effective Dates        : {% if colloc.effective_start %}{{colloc.effective_start|simple_utc}}{% else %}CCYY-MM-DD{% endif %}/{% if colloc.effective_end %}{{colloc.effective_end|simple_utc}}{% else %}CCYY-MM-DD{% endif %}
       Notes                  : {{ colloc.notes|multi_line }}
{% endfor %}
{% if not collocation or include_templates %}7.x  Instrumentation Type     : (GPS/GLONASS/DORIS/PRARE/SLR/VLBI/TIME/etc)
       Status                 : (PERMANENT/MOBILE)
       Effective Dates        : (CCYY-MM-DD/CCYY-MM-DD)
       Notes                  : (multiple lines){% endif %}


8.   Meteorological Instrumentation
{% for sensor in humiditysensor %}
8.1.{{ loop.index }} Humidity Sensor Model   : {{ sensor.model }}
       Manufacturer           : {{ sensor.manufacturer }}
       Serial Number          : {{ sensor.serial_number }}
       Data Sampling Interval : {% if sensor.sampling_interval is not none %}{{ sensor.sampling_interval}} sec{% endif %}
       Accuracy (% rel h)     : {% if sensor.accuracy is not none %}{{ sensor.accuracy|precision(1) }}{% endif %}
       Aspiration             : {{ sensor.aspiration|enum_str|upper }}
       Height Diff to Ant     : {% if sensor.height_diff is not none %}{{ sensor.height_diff }} m{% endif %}
       Calibration date       : {{ sensor.calibration|simple_utc }}
       Effective Dates        : {% if sensor.effective_start %}{{sensor.effective_start|simple_utc}}{% else %}CCYY-MM-DD{% endif %}/{% if sensor.effective_end %}{{sensor.effective_end|simple_utc}}{% else %}CCYY-MM-DD{% endif %}
       Notes                  : {{ sensor.notes|multi_line }}
{% endfor %}
{% if not humiditysensor or include_templates %}8.1.x Humidity Sensor Model   :
       Manufacturer           :
       Serial Number          :
       Data Sampling Interval : (sec)
       Accuracy (% rel h)     : (% rel h)
       Aspiration             : (UNASPIRATED/NATURAL/FAN/etc)
       Height Diff to Ant     : (m)
       Calibration date       : (CCYY-MM-DD)
       Effective Dates        : (CCYY-MM-DD/CCYY-MM-DD)
       Notes                  : (multiple lines){% endif %}
{% for sensor in pressuresensor %}
8.2.{{ loop.index }} Pressure Sensor Model   : {{ sensor.model }}
       Manufacturer           : {{ sensor.manufacturer }}
       Serial Number          : {{ sensor.serial_number }}
       Data Sampling Interval : {% if sensor.sampling_interval is not none %}{{ sensor.sampling_interval}} sec{% endif %}
       Accuracy               : {% if sensor.accuracy is not none %}{{ sensor.accuracy|precision(2) }} hPa{% endif %}
       Height Diff to Ant     : {% if sensor.height_diff is not none %}{{ sensor.height_diff }} m{% endif %}
       Calibration date       : {{ sensor.calibration|simple_utc }}
       Effective Dates        : {% if sensor.effective_start %}{{sensor.effective_start|simple_utc}}{% else %}CCYY-MM-DD{% endif %}/{% if sensor.effective_end %}{{sensor.effective_end|simple_utc}}{% else %}CCYY-MM-DD{% endif %}
       Notes                  : {{ sensor.notes|multi_line }}
{% endfor %}
{% if not pressuresensor or include_templates %}8.2.x Pressure Sensor Model   :
       Manufacturer           :
       Serial Number          :
       Data Sampling Interval : (sec)
       Accuracy               : (hPa)
       Height Diff to Ant     : (m)
       Calibration date       : (CCYY-MM-DD)
       Effective Dates        : (CCYY-MM-DD/CCYY-MM-DD)
       Notes                  : (multiple lines){% endif %}
{% for sensor in temperaturesensor %}
8.3.{{ loop.index }} Temp. Sensor Model      : {{ sensor.model }}
       Manufacturer           : {{ sensor.manufacturer }}
       Serial Number          : {{ sensor.serial_number }}
       Data Sampling Interval : {% if sensor.sampling_interval is not none %}{{ sensor.sampling_interval}} sec{% endif %}
       Accuracy               : {% if sensor.accuracy is not none %}{{ sensor.accuracy|precision(1) }} deg C{% endif %}
       Aspiration             : {{ sensor.aspiration|enum_str|upper }}
       Height Diff to Ant     : {% if sensor.height_diff is not none %}{{ sensor.height_diff }} m{% endif %}
       Calibration date       : {{ sensor.calibration|simple_utc }}
       Effective Dates        : {% if sensor.effective_start %}{{sensor.effective_start|simple_utc}}{% else %}CCYY-MM-DD{% endif %}/{% if sensor.effective_end %}{{sensor.effective_end|simple_utc}}{% else %}CCYY-MM-DD{% endif %}
       Notes                  : {{ sensor.notes|multi_line }}
{% endfor %}
{% if not temperaturesensor or include_templates %}8.3.x Temp. Sensor Model      :
       Manufacturer           :
       Serial Number          :
       Data Sampling Interval : (sec)
       Accuracy               : (deg C)
       Aspiration             : (UNASPIRATED/NATURAL/FAN/etc)
       Height Diff to Ant     : (m)
       Calibration date       : (CCYY-MM-DD)
       Effective Dates        : (CCYY-MM-DD/CCYY-MM-DD)
       Notes                  : (multiple lines){% endif %}
{% for sensor in watervaporradiometer %}
8.4.{{ loop.index }} Water Vapor Radiometer  : {{ sensor.model }}
       Manufacturer           : {{ sensor.manufacturer }}
       Serial Number          : {{ sensor.serial_number }}
       Distance to Antenna    : {% if sensor.distance_to_antenna is not none %}{{sensor.distance_to_antenna}} m{% endif %}
       Height Diff to Ant     : {% if sensor.height_diff is not none %}{{ sensor.height_diff }} m{% endif %}
       Calibration date       : {{ sensor.calibration|simple_utc }}
       Effective Dates        : {% if sensor.effective_start %}{{sensor.effective_start|simple_utc}}{% else %}CCYY-MM-DD{% endif %}/{% if sensor.effective_end %}{{sensor.effective_end|simple_utc}}{% else %}CCYY-MM-DD{% endif %}
       Notes                  : {{ sensor.notes|multi_line }}
{% endfor %}
{% if not watervaporradiometer or include_templates %}8.4.x Water Vapor Radiometer  :
       Manufacturer           :
       Serial Number          :
       Distance to Antenna    : (m)
       Height Diff to Ant     : (m)
       Calibration date       : (CCYY-MM-DD)
       Effective Dates        : (CCYY-MM-DD/CCYY-MM-DD)
       Notes                  : (multiple lines){% endif %}
{% for instrument in otherinstrumentation %}
8.5.{{ loop.index }} Other Instrumentation   : {{ instrument.instrumentation|multi_line }}
{% endfor %}
{% if not otherinstrumentation or include_templates %}8.5.x Other Instrumentation   : (multiple lines){% endif %}


9.  Local Ongoing Conditions Possibly Affecting Computed Position
{% for condition in radiointerferences %}
9.1.{{ loop.index }} Radio Interferences     : {{ condition.interferences }}
       Observed Degradations  : {{ condition.degradations }}
       Effective Dates        : {% if condition.effective_start %}{{condition.effective_start|simple_utc}}{% else %}CCYY-MM-DD{% endif %}/{% if condition.effective_end %}{{condition.effective_end|simple_utc}}{% else %}CCYY-MM-DD{% endif %}
       Additional Information : {{ condition.additional_information|multi_line }}
{% endfor %}
{% if not radiointerferences or include_templates %}9.1.x Radio Interferences     : (TV/CELL PHONE ANTENNA/RADAR/etc)
       Observed Degradations  : (SN RATIO/DATA GAPS/etc)
       Effective Dates        : (CCYY-MM-DD/CCYY-MM-DD)
       Additional Information : (multiple lines){% endif %}
{% for condition in multipathsources %}
9.2.{{ loop.index }} Multipath Sources       : {{ condition.sources}}
       Effective Dates        : {% if condition.effective_start %}{{condition.effective_start|simple_utc}}{% else %}CCYY-MM-DD{% endif %}/{% if condition.effective_end %}{{condition.effective_end|simple_utc}}{% else %}CCYY-MM-DD{% endif %}
       Additional Information : {{ condition.additional_information|multi_line }}
{% endfor %}
{% if not multipathsources or include_templates %}9.2.x Multipath Sources       : (METAL ROOF/DOME/VLBI ANTENNA/etc)
       Effective Dates        : (CCYY-MM-DD/CCYY-MM-DD)
       Additional Information : (multiple lines){% endif %}
{% for condition in signalobstructions %}
9.3.{{ loop.index }} Signal Obstructions     : {{ condition.obstructions }}
       Effective Dates        : {% if condition.effective_start %}{{condition.effective_start|simple_utc}}{% else %}CCYY-MM-DD{% endif %}/{% if condition.effective_end %}{{condition.effective_end|simple_utc}}{% else %}CCYY-MM-DD{% endif %}
       Additional Information : {{ condition.additional_information|multi_line }}
{% endfor %}
{% if not signalobstructions or include_templates %}9.3.x Signal Obstructions     : (TREES/BUILDINGS/etc)
       Effective Dates        : (CCYY-MM-DD/CCYY-MM-DD)
       Additional Information : (multiple lines){% endif %}


10.  Local Episodic Effects Possibly Affecting Data Quality
{% for effect in localepisodiceffects %}
10.{{ loop.index }} Date                     : {% if effect.effective_start %}{{effect.effective_start|simple_utc}}{% else %}CCYY-MM-DD{% endif %}/{% if effect.effective_end %}{{effect.effective_end|simple_utc}}{% else %}CCYY-MM-DD{% endif %}
     Event                    : {{ effect.event|multi_line }}
{% endfor %}
{% if not localepisodiceffects or include_templates %}10.x Date                     : (CCYY-MM-DD/CCYY-MM-DD)
     Event                    : (TREE CLEARING/CONSTRUCTION/etc){% endif %}


11.   On-Site, Point of Contact Agency Information

     Agency                   : {% if operationalcontact and operationalcontact.agency %}{{ operationalcontact.agency|multi_line }}{% else %}(multiple lines){% endif %}
     Preferred Abbreviation   : {% if operationalcontact and operationalcontact.preferred_abbreviation %}{{ operationalcontact.preferred_abbreviation }}{% else %}(A10){% endif %}
     Mailing Address          : {% if operationalcontact and operationalcontact.mailing_address %}{{ operationalcontact.mailing_address|multi_line }}{% else %}(multiple lines){% endif %}
     Primary Contact
       Contact Name           : {% if operationalcontact %}{{ operationalcontact.primary_name }}{% endif %}
       Telephone (primary)    : {% if operationalcontact %}{{ operationalcontact.primary_phone1 }}{% endif %}
       Telephone (secondary)  : {% if operationalcontact %}{{ operationalcontact.primary_phone2 }}{% endif %}
       Fax                    : {% if operationalcontact %}{{ operationalcontact.primary_fax }}{% endif %}
       E-mail                 : {% if operationalcontact %}{{ operationalcontact.primary_email }}{% endif %}
     Secondary Contact
       Contact Name           : {% if operationalcontact %}{{ operationalcontact.secondary_name }}{% endif %}
       Telephone (primary)    : {% if operationalcontact %}{{ operationalcontact.secondary_phone1 }}{% endif %}
       Telephone (secondary)  : {% if operationalcontact %}{{ operationalcontact.secondary_phone2 }}{% endif %}
       Fax                    : {% if operationalcontact %}{{ operationalcontact.secondary_fax }}{% endif %}
       E-mail                 : {% if operationalcontact %}{{ operationalcontact.secondary_email }}{% endif %}
     Additional Information   : {% if operationalcontact %}{{ operationalcontact.additional_information|multi_line }}{% else %}(multiple lines){% endif %}


12.  Responsible Agency (if different from 11.)

     Agency                   : {% if responsibleagency and responsibleagency.agency %}{{ responsibleagency.agency|multi_line }}{% else %}(multiple lines){% endif %}
     Preferred Abbreviation   : {% if responsibleagency and responsibleagency.preferred_abbreviation %}{{ responsibleagency.preferred_abbreviation }}{% else %}(A10){% endif %}
     Mailing Address          : {% if responsibleagency and responsibleagency.mailing_address %}{{ responsibleagency.mailing_address|multi_line }}{% else %}(multiple lines){% endif %}
     Primary Contact
       Contact Name           : {% if responsibleagency %}{{ responsibleagency.primary_name }}{% endif %}
       Telephone (primary)    : {% if responsibleagency %}{{ responsibleagency.primary_phone1 }}{% endif %}
       Telephone (secondary)  : {% if responsibleagency %}{{ responsibleagency.primary_phone2 }}{% endif %}
       Fax                    : {% if responsibleagency %}{{ responsibleagency.primary_fax }}{% endif %}
       E-mail                 : {% if responsibleagency %}{{ responsibleagency.primary_email }}{% endif %}
     Secondary Contact
       Contact Name           : {% if responsibleagency %}{{ responsibleagency.secondary_name }}{% endif %}
       Telephone (primary)    : {% if responsibleagency %}{{ responsibleagency.secondary_phone1 }}{% endif %}
       Telephone (secondary)  : {% if responsibleagency %}{{ responsibleagency.secondary_phone2 }}{% endif %}
       Fax                    : {% if responsibleagency %}{{ responsibleagency.secondary_fax }}{% endif %}
       E-mail                 : {% if responsibleagency %}{{ responsibleagency.secondary_email }}{% endif %}
     Additional Information   : {% if responsibleagency %}{{ responsibleagency.additional_information|multi_line }}{% else %}(multiple lines){% endif %}


13.  More Information

     Primary Data Center      : {% if moreinformation %}{{ moreinformation.primary }}{% endif %}
     Secondary Data Center    : {% if moreinformation %}{{ moreinformation.secondary }}{% endif %}
     URL for More Information : {% if moreinformation %}{{ moreinformation.more_info|multi_line }}{% endif %}
     Hardcopy on File
       Site Map               : {% if moreinformation %}{{ moreinformation.sitemap }}{% else %}(Y or URL){% endif %}
       Site Diagram           : {% if moreinformation %}{{ moreinformation.site_diagram }}{% else %}(Y or URL){% endif %}
       Horizon Mask           : {% if moreinformation %}{{ moreinformation.horizon_mask }}{% else %}(Y or URL){% endif %}
       Monument Description   : {% if moreinformation %}{{ moreinformation.monument_description }}{% else %}(Y or URL){% endif %}
       Site Pictures          : {% if moreinformation %}{{ moreinformation.site_picture }}{% else %}(Y or URL){% endif %}
     Additional Information   : {% if moreinformation %}{{ moreinformation.additional_information|multi_line }}{% else %}(multiple lines){% endif %}
     Antenna Graphics with Dimensions

{% if graphic %}{{ graphic }}{% else %}     (insert text graphic from file antenna.gra){% endif %}
